<?xml version="1.0" encoding="UTF-8"?>
<!-- Generated by org.testng.reporters.JUnitXMLReporter -->
<testsuite ignored="0" hostname="shailendramanimishra-l" failures="0" tests="4" name="Default test" time="0.193" errors="0" timestamp="2025-04-09T13:28:22 IST">
  <testcase classname="testNG.tng1" name="login" time="0.019"/>
  <testcase classname="testNG.tng1" name="search" time="0.003"/>
  <testcase classname="testNG.tng1" name="advsearch" time="0.031"/>
  <testcase classname="testNG.tng1" name="logout" time="0.004"/>
</testsuite> <!-- Default test -->
