<?xml version="1.0" encoding="UTF-8"?>
<!-- Generated by org.testng.reporters.JUnitXMLReporter -->
<testsuite ignored="5" hostname="shailendramanimishra-l" failures="0" tests="8" name="Grouping" time="0.096" errors="0" timestamp="2025-02-12T13:10:14 IST">
  <testcase classname="testNG.SignUp" name="SignUPbyfb" time="0.012"/>
  <testcase classname="testNG.SignUp" name="signUpbymail" time="0.001"/>
  <testcase classname="testNG.SignUp" name="signUpbytwitter" time="0.001"/>
  <testcase classname="testNG.Login" name="loginbyfb" time="0.001"/>
  <testcase classname="testNG.Login" name="loginbymail" time="0.002"/>
  <testcase classname="testNG.Login" name="loginbytwitter" time="0.002"/>
  <testcase classname="testNG.payment" name="dollers" time="0.002"/>
  <testcase classname="testNG.payment" name="rupee" time="0.002"/>
  <testcase classname="testNG.tng1" name="logout" time="0.0">
    <ignored/>
  </testcase> <!-- logout -->
  <testcase classname="testNG.tng1" name="advsearch" time="0.0">
    <ignored/>
  </testcase> <!-- advsearch -->
  <testcase classname="testNG.tng1" name="search" time="0.0">
    <ignored/>
  </testcase> <!-- search -->
  <testcase classname="testNG.tng1" name="login" time="0.0">
    <ignored/>
  </testcase> <!-- login -->
  <testcase classname="testNG.testng2" name="opencart" time="0.0">
    <ignored/>
  </testcase> <!-- opencart -->
</testsuite> <!-- Grouping -->
