<?xml version="1.0" encoding="UTF-8"?>
<!-- Generated by org.testng.reporters.JUnitXMLReporter -->
<testsuite ignored="5" hostname="shailendramanimishra-l" failures="0" tests="8" name="Grouping" time="0.087" errors="0" timestamp="2025-05-02T22:48:46 IST">
  <testcase classname="testNG.Grouping.Login" name="loginbyfb" time="0.01"/>
  <testcase classname="testNG.Grouping.Login" name="loginbymail" time="0.001"/>
  <testcase classname="testNG.Grouping.Login" name="loginbytwitter" time="0.001"/>
  <testcase classname="testNG.Grouping.Signup" name="SignUPbyfb" time="0.001"/>
  <testcase classname="testNG.Grouping.Signup" name="signUpbymail" time="0.001"/>
  <testcase classname="testNG.Grouping.Signup" name="signUpbytwitter" time="0.001"/>
  <testcase classname="testNG.Grouping.Payment" name="dollers" time="0.001"/>
  <testcase classname="testNG.Grouping.Payment" name="rupee" time="0.002"/>
  <testcase classname="testNG.DependsOnMethod" name="logout" time="0.0">
    <ignored/>
  </testcase> <!-- logout -->
  <testcase classname="testNG.Grouping.Addcart" name="opencart" time="0.0">
    <ignored/>
  </testcase> <!-- opencart -->
  <testcase classname="testNG.DependsOnMethod" name="advsearch" time="0.0">
    <ignored/>
  </testcase> <!-- advsearch -->
  <testcase classname="testNG.DependsOnMethod" name="login" time="0.0">
    <ignored/>
  </testcase> <!-- login -->
  <testcase classname="testNG.DependsOnMethod" name="search" time="0.0">
    <ignored/>
  </testcase> <!-- search -->
</testsuite> <!-- Grouping -->
