<?xml version="1.0" encoding="UTF-8"?>
<testng-results ignored="0" total="4" passed="4" failed="0" skipped="0">
  <reporter-output>
  </reporter-output>
  <suite started-at="2025-04-09T13:28:22 IST" name="Default suite" finished-at="2025-04-09T13:28:22 IST" duration-ms="193">
    <groups>
    </groups>
    <test started-at="2025-04-09T13:28:22 IST" name="Default test" finished-at="2025-04-09T13:28:22 IST" duration-ms="193">
      <class name="testNG.tng1">
        <test-method signature="login()[pri:1, instance:testNG.tng1@7e6f74c]" started-at="2025-04-09T13:28:22 IST" name="login" finished-at="2025-04-09T13:28:22 IST" duration-ms="19" status="PASS">
          <reporter-output>
          </reporter-output>
        </test-method> <!-- login -->
        <test-method signature="search()[pri:2, instance:testNG.tng1@7e6f74c]" started-at="2025-04-09T13:28:22 IST" name="search" finished-at="2025-04-09T13:28:22 IST" depends-on-methods="login()" duration-ms="3" status="PASS">
          <reporter-output>
          </reporter-output>
        </test-method> <!-- search -->
        <test-method signature="advsearch()[pri:3, instance:testNG.tng1@7e6f74c]" started-at="2025-04-09T13:28:22 IST" name="advsearch" finished-at="2025-04-09T13:28:22 IST" depends-on-methods="login()" duration-ms="31" status="PASS">
          <reporter-output>
          </reporter-output>
        </test-method> <!-- advsearch -->
        <test-method signature="logout()[pri:4, instance:testNG.tng1@7e6f74c]" started-at="2025-04-09T13:28:22 IST" name="logout" finished-at="2025-04-09T13:28:22 IST" duration-ms="4" status="PASS">
          <reporter-output>
          </reporter-output>
        </test-method> <!-- logout -->
      </class> <!-- testNG.tng1 -->
    </test> <!-- Default test -->
  </suite> <!-- Default suite -->
</testng-results>
