<?xml version="1.0" encoding="UTF-8"?>
<testng-results ignored="0" total="2" passed="2" failed="0" skipped="0">
  <reporter-output>
  </reporter-output>
  <suite started-at="2025-05-03T22:08:14 IST" name="Default suite" finished-at="2025-05-03T22:08:28 IST" duration-ms="14247">
    <groups>
    </groups>
    <test started-at="2025-05-03T22:08:14 IST" name="Default test" finished-at="2025-05-03T22:08:28 IST" duration-ms="14247">
      <class name="testNG.POMFramework.Logintest">
        <test-method is-config="true" signature="setup()[pri:0, instance:testNG.POMFramework.Logintest@2002fc1d]" started-at="2025-05-03T22:08:14 IST" name="setup" finished-at="2025-05-03T22:08:24 IST" duration-ms="9791" status="PASS">
          <reporter-output>
          </reporter-output>
        </test-method> <!-- setup -->
        <test-method signature="testLogin(java.lang.String,java.lang.String)[pri:0, instance:testNG.POMFramework.Logintest@2002fc1d]" started-at="2025-05-03T22:08:24 IST" name="testLogin" data-provider="dp" finished-at="2025-05-03T22:08:26 IST" duration-ms="2246" status="PASS">
          <params>
            <param index="0">
              <value>
                <![CDATA[ram]]>
              </value>
            </param>
            <param index="1">
              <value>
                <![CDATA[ram@123]]>
              </value>
            </param>
          </params>
          <reporter-output>
          </reporter-output>
        </test-method> <!-- testLogin -->
        <test-method signature="testLogin(java.lang.String,java.lang.String)[pri:0, instance:testNG.POMFramework.Logintest@2002fc1d]" started-at="2025-05-03T22:08:26 IST" name="testLogin" data-provider="dp" finished-at="2025-05-03T22:08:28 IST" duration-ms="1828" status="PASS">
          <params>
            <param index="0">
              <value>
                <![CDATA[admin]]>
              </value>
            </param>
            <param index="1">
              <value>
                <![CDATA[admin@123]]>
              </value>
            </param>
          </params>
          <reporter-output>
          </reporter-output>
        </test-method> <!-- testLogin -->
        <test-method is-config="true" signature="tearDown()[pri:0, instance:testNG.POMFramework.Logintest@2002fc1d]" started-at="2025-05-03T22:08:28 IST" name="tearDown" finished-at="2025-05-03T22:08:28 IST" duration-ms="271" status="PASS">
          <reporter-output>
          </reporter-output>
        </test-method> <!-- tearDown -->
      </class> <!-- testNG.POMFramework.Logintest -->
    </test> <!-- Default test -->
  </suite> <!-- Default suite -->
</testng-results>
